<?xml version="1.0" encoding="UTF-8"?>
<testng-results skipped="0" failed="0" ignored="0" total="2" passed="2">
  <reporter-output>
  </reporter-output>
  <suite name="Default suite" duration-ms="574" started-at="2020-01-23T21:07:55 EST" finished-at="2020-01-23T21:07:55 EST">
    <groups>
    </groups>
    <test name="Default test" duration-ms="574" started-at="2020-01-23T21:07:55 EST" finished-at="2020-01-23T21:07:55 EST">
      <class name="logAndReport.ExtendReport">
        <test-method status="PASS" signature="beforeClass()[pri:0, instance:logAndReport.ExtendReport@32709393]" name="beforeClass" is-config="true" duration-ms="143" started-at="2020-01-23T21:07:55 EST" finished-at="2020-01-23T21:07:55 EST">
          <reporter-output>
          </reporter-output>
        </test-method> <!-- beforeClass -->
        <test-method status="PASS" signature="beforeMethod(java.lang.reflect.Method)[pri:0, instance:logAndReport.ExtendReport@32709393]" name="beforeMethod" is-config="true" duration-ms="10" started-at="2020-01-23T21:07:55 EST" finished-at="2020-01-23T21:07:55 EST">
          <params>
            <param index="0">
              <value>
                <![CDATA[public void logAndReport.ExtendReport.testLogin()]]>
              </value>
            </param>
          </params>
          <reporter-output>
          </reporter-output>
        </test-method> <!-- beforeMethod -->
        <test-method status="PASS" signature="testLogin()[pri:0, instance:logAndReport.ExtendReport@32709393]" name="testLogin" duration-ms="6" started-at="2020-01-23T21:07:55 EST" finished-at="2020-01-23T21:07:55 EST">
          <reporter-output>
          </reporter-output>
        </test-method> <!-- testLogin -->
        <test-method status="PASS" signature="afterMethod(org.testng.ITestResult)[pri:0, instance:logAndReport.ExtendReport@32709393]" name="afterMethod" is-config="true" duration-ms="2" started-at="2020-01-23T21:07:55 EST" finished-at="2020-01-23T21:07:55 EST">
          <params>
            <param index="0">
              <value>
                <![CDATA[[TestResult name=testLogin status=SUCCESS method=ExtendReport.testLogin()[pri:0, instance:logAndReport.ExtendReport@32709393] output={null}]]]>
              </value>
            </param>
          </params>
          <reporter-output>
          </reporter-output>
        </test-method> <!-- afterMethod -->
        <test-method status="PASS" signature="beforeMethod(java.lang.reflect.Method)[pri:0, instance:logAndReport.ExtendReport@32709393]" name="beforeMethod" is-config="true" duration-ms="1" started-at="2020-01-23T21:07:55 EST" finished-at="2020-01-23T21:07:55 EST">
          <params>
            <param index="0">
              <value>
                <![CDATA[public void logAndReport.ExtendReport.testLogout()]]>
              </value>
            </param>
          </params>
          <reporter-output>
          </reporter-output>
        </test-method> <!-- beforeMethod -->
        <test-method status="PASS" signature="testLogout()[pri:0, instance:logAndReport.ExtendReport@32709393]" name="testLogout" duration-ms="2" started-at="2020-01-23T21:07:55 EST" finished-at="2020-01-23T21:07:55 EST">
          <reporter-output>
          </reporter-output>
        </test-method> <!-- testLogout -->
        <test-method status="PASS" signature="afterMethod(org.testng.ITestResult)[pri:0, instance:logAndReport.ExtendReport@32709393]" name="afterMethod" is-config="true" duration-ms="0" started-at="2020-01-23T21:07:55 EST" finished-at="2020-01-23T21:07:55 EST">
          <params>
            <param index="0">
              <value>
                <![CDATA[[TestResult name=testLogout status=SUCCESS method=ExtendReport.testLogout()[pri:0, instance:logAndReport.ExtendReport@32709393] output={null}]]]>
              </value>
            </param>
          </params>
          <reporter-output>
          </reporter-output>
        </test-method> <!-- afterMethod -->
        <test-method status="PASS" signature="afterClass()[pri:0, instance:logAndReport.ExtendReport@32709393]" name="afterClass" is-config="true" duration-ms="366" started-at="2020-01-23T21:07:55 EST" finished-at="2020-01-23T21:07:55 EST">
          <reporter-output>
          </reporter-output>
        </test-method> <!-- afterClass -->
      </class> <!-- logAndReport.ExtendReport -->
    </test> <!-- Default test -->
  </suite> <!-- Default suite -->
</testng-results>
