<?xml version="1.0" encoding="UTF-8"?>
<testng-results skipped="0" failed="0" ignored="0" total="1" passed="1">
  <reporter-output>
  </reporter-output>
  <suite name="Default suite" duration-ms="4665" started-at="2020-01-29T14:17:28 EST" finished-at="2020-01-29T14:17:33 EST">
    <groups>
    </groups>
    <test name="Default test" duration-ms="4665" started-at="2020-01-29T14:17:28 EST" finished-at="2020-01-29T14:17:33 EST">
      <class name="com.selenium.Example27">
        <test-method status="PASS" signature="enterText()[pri:0, instance:com.selenium.Example27@551aa95a]" name="enterText" duration-ms="4608" started-at="2020-01-29T14:17:28 EST" finished-at="2020-01-29T14:17:33 EST">
          <reporter-output>
          </reporter-output>
        </test-method> <!-- enterText -->
      </class> <!-- com.selenium.Example27 -->
    </test> <!-- Default test -->
  </suite> <!-- Default suite -->
</testng-results>
